2023-09-01 20:51:20,851:INFO:L0 proposition>{'case': '216', 'proposition': '', 'appearance': 'appearance', 'level': 0}
2023-09-01 20:54:01,000:INFO:L0 proposition>{'case': 216, 'proposition': 'this is mike', 'appearance': 'appearance', 'essence': '', 'level': 0}
2023-09-01 21:03:57,178:INFO:L0 proposition>{'case': 216, 'proposition': 'this is mike', 'appearance': 'appearance', 'essence': '', 'level': 0}
2023-09-01 21:04:25,601:INFO:L0 proposition>{'case': 216, 'proposition': 'this is mike', 'appearance': 'appearance', 'essence': '', 'level': 0}
2023-09-01 21:04:44,370:WARNING:Not Found: /
2023-09-01 21:04:44,393:WARNING:Not Found: /favicon.ico
2023-09-01 21:04:56,341:INFO:L0 proposition>{'case': 217, 'proposition': 'this is mike', 'appearance': 'appearance', 'essence': '', 'level': 0}
2023-09-01 21:05:48,959:INFO:L0 proposition>{'case': 218, 'proposition': 'this is mike', 'appearance': 'appearance', 'essence': '', 'level': 0}
2023-09-01 21:09:51,967:INFO:L0 proposition>{'case': 219, 'proposition': 'this is mike', 'appearance': 'appearance', 'essence': '', 'level': 0}
2023-09-01 21:15:24,992:INFO:L0 proposition>{'case': 220, 'proposition': 'this is mike', 'appearance': 'appearance', 'essence': '', 'level': 0}
2023-09-01 21:17:24,518:INFO:L0 proposition>{'case': 220, 'proposition': 'this is mike', 'appearance': 'appearance', 'essence': '', 'level': 0}
2023-09-01 21:23:57,985:INFO:L0 proposition>{'case': 224, 'proposition': 'this is mike', 'appearance': 'appearance', 'essence': '', 'level': 0}
2023-09-01 21:25:17,509:INFO:/home/jazzbox35/GitHub/AME_Client_Project/ame_client_project/ame_client_app/views.py changed, reloading.
2023-09-01 21:25:44,566:INFO:L0 proposition>{'case': 224, 'proposition': 'This is an L0 prop', 'appearance': 'appearance', 'essence': '', 'level': 0}
2023-09-01 21:29:35,500:INFO:/home/jazzbox35/GitHub/AME_Client_Project/ame_client_project/ame_client_app/views.py changed, reloading.
2023-09-01 21:29:40,839:INFO:/home/jazzbox35/GitHub/AME_Client_Project/ame_client_project/ame_client_app/views.py changed, reloading.
2023-09-01 21:29:56,216:INFO:/home/jazzbox35/GitHub/AME_Client_Project/ame_client_project/ame_client_app/views.py changed, reloading.
2023-09-01 21:30:14,384:INFO:L0 proposition>{'case': 226, 'proposition': 'This is an L0 prop', 'appearance': 'ap1 ap2', 'essence': '', 'level': 0}
2023-09-01 21:33:29,366:INFO:L0 proposition>{'case': 227, 'proposition': 'This is an L0 prop', 'appearance': 'ap1 ap2', 'essence': '', 'level': 0}
2023-09-01 21:34:23,864:INFO:L0 proposition>{'case': 228, 'proposition': 'This is an L0 prop', 'appearance': 'ap1 ap2', 'essence': '', 'level': 0}
2023-09-01 21:36:32,132:INFO:L0 proposition>{'case': 229, 'proposition': 'This is an L0 prop', 'appearance': 'ap1 ap2', 'essence': '', 'level': 0}
2023-09-01 21:36:50,908:INFO:L0 proposition>{'case': 229, 'proposition': 'This is an L0 prop', 'appearance': 'ap1 ap2', 'essence': '', 'level': 0}
2023-09-01 21:36:54,028:INFO:L0 proposition>{'case': 229, 'proposition': 'This is an L0 prop', 'appearance': 'ap1 ap2', 'essence': '', 'level': 0}
2023-09-01 21:37:49,810:INFO:/home/jazzbox35/GitHub/AME_Client_Project/ame_client_project/ame_client_app/views.py changed, reloading.
2023-09-01 21:37:52,127:INFO:/home/jazzbox35/GitHub/AME_Client_Project/ame_client_project/ame_client_app/views.py changed, reloading.
2023-09-01 21:38:06,918:INFO:L0 proposition>{'case': 230, 'proposition': 'This is an L0 prop', 'appearance': 'ap1 ap2', 'essence': '', 'level': 0}
2023-09-01 21:39:44,237:INFO:/home/jazzbox35/GitHub/AME_Client_Project/ame_client_project/ame_client_app/views.py changed, reloading.
2023-09-01 21:40:07,657:INFO:/home/jazzbox35/GitHub/AME_Client_Project/ame_client_project/ame_client_app/views.py changed, reloading.
2023-09-01 21:40:46,513:INFO:/home/jazzbox35/GitHub/AME_Client_Project/ame_client_project/ame_client_app/views.py changed, reloading.
2023-09-01 21:41:04,955:INFO:/home/jazzbox35/GitHub/AME_Client_Project/ame_client_project/ame_client_app/views.py changed, reloading.
2023-09-01 21:41:38,408:INFO:/home/jazzbox35/GitHub/AME_Client_Project/ame_client_project/ame_client_app/views.py changed, reloading.
2023-09-01 21:41:48,518:INFO:L0 proposition>{'case': 231, 'proposition': 'This is an L0 prop', 'appearance': 'ap1 ap2', 'essence': '', 'level': 0}
2023-09-01 21:44:29,803:INFO:L0 proposition>{'case': 232, 'proposition': 'This is an L0 prop', 'appearance': 'ap1 ap2', 'essence': '', 'level': 0}
2023-09-01 21:48:44,979:INFO:L0 proposition>{'case': 233, 'proposition': 'This is an L0 prop', 'appearance': 'ap1 ap2', 'essence': '', 'level': 0}
2023-09-01 21:49:06,021:INFO:L0 proposition>{'case': 234, 'proposition': 'This is an L0 prop', 'appearance': 'ap1 ap2', 'essence': '', 'level': 0}
2023-09-01 21:51:18,488:INFO:L0 proposition>{'case': 235, 'proposition': 'This is an L0 prop', 'appearance': 'ap1 ap2', 'essence': '', 'level': 0}
2023-09-01 21:54:55,086:INFO:L0 proposition>{'case': 237, 'proposition': 'This is an L0 prop', 'appearance': 'ap1 ap2', 'essence': '', 'level': 0}
2023-09-01 21:57:46,512:INFO:L0 proposition>{'case': 238, 'proposition': 'This is an L0 prop', 'appearance': 'ap1 ap2', 'essence': '', 'level': 0}
2023-09-01 21:57:49,724:INFO:L0 proposition>{'case': 238, 'proposition': 'This is an L0 prop', 'appearance': 'ap1 ap2', 'essence': '', 'level': 0}
2023-09-01 22:00:17,817:INFO:L0 proposition>{'case': 239, 'proposition': 'This is an L0 prop', 'appearance': 'ap1 ap2', 'essence': '', 'level': 0}
2023-09-01 23:03:36,512:INFO:L0 proposition>{'case': 245, 'proposition': 'This is an L0 prop', 'appearance': 'ap1 ap2', 'essence': '', 'level': 0}
2023-09-01 23:05:52,964:INFO:L0 proposition>{'case': 246, 'proposition': 'This is an L0 prop', 'appearance': 'ap1 ap2', 'essence': '', 'level': 0}
2023-09-01 23:06:25,988:INFO:L0 proposition>{'case': 247, 'proposition': 'This is an L0 prop', 'appearance': 'ap1 ap2', 'essence': '', 'level': 0}
2023-09-01 23:08:55,857:INFO:L0 proposition>{'case': 253, 'proposition': 'This is an L0 prop', 'appearance': 'ap1 ap2', 'essence': '', 'level': 0}
2023-09-01 23:09:13,866:INFO:L0 proposition>{'case': 254, 'proposition': 'This is an L0 prop', 'appearance': 'ap1 ap2', 'essence': '', 'level': 0}
2023-09-01 23:10:15,125:WARNING:Not Found: /favicon.ico
2023-09-01 23:12:04,101:WARNING:Not Found: /favicon.ico
2023-09-01 23:12:42,153:INFO:L0 proposition>{'case': 259, 'proposition': 'This recipe has these ingredients.', 'appearance': 'spaghetti pesto ', 'essence': '', 'level': 0}
2023-09-01 23:13:14,082:INFO:L0 proposition>{'case': 260, 'proposition': 'This recipe has these ingredients.', 'appearance': 'spaghetti pesto ', 'essence': '', 'level': 0}
2023-09-01 23:18:12,202:INFO:L0 proposition>{'case': 262, 'proposition': 'This recipe has these ingredients.', 'appearance': 'spaghetti pesto ', 'essence': '', 'level': 0}
2023-09-01 23:20:01,190:INFO:L0 proposition>{'case': 263, 'proposition': 'This recipe has these ingredients.', 'appearance': 'spaghetti pesto ', 'essence': '', 'level': 0}
2023-09-01 23:20:41,872:INFO:L0 proposition>{'case': 264, 'proposition': 'This recipe has these ingredients.', 'appearance': 'spaghetti pesto ', 'essence': '', 'level': 0}
2023-09-01 23:24:17,510:INFO:L0 proposition>{'case': 265, 'proposition': 'This recipe has these ingredients.', 'appearance': 'spaghetti pesto ', 'essence': '', 'level': 0}
2023-09-01 23:27:01,659:INFO:L0 proposition>{'case': 266, 'proposition': 'This recipe has these ingredients.', 'appearance': 'spaghetti pesto ', 'essence': '', 'level': 0}
2023-09-01 23:27:04,456:INFO:L0 proposition>{'case': 266, 'proposition': '', 'appearance': 'undefined', 'essence': '', 'level': 0}
2023-09-01 23:28:07,310:INFO:L0 proposition>{'case': 267, 'proposition': 'This recipe has these ingredients.', 'appearance': 'spaghetti pesto ', 'essence': '', 'level': 0}
2023-09-01 23:28:08,661:INFO:L0 proposition>{'case': 267, 'proposition': '', 'appearance': 'undefined', 'essence': '', 'level': 0}
2023-09-01 23:29:20,376:INFO:L0 proposition>{'case': 268, 'proposition': 'This recipe has these ingredients.', 'appearance': 'spaghetti pesto ', 'essence': '', 'level': 0}
2023-09-01 23:29:33,592:INFO:L0 proposition>{'case': 269, 'proposition': 'This recipe has these ingredients.', 'appearance': 'spaghetti pesto ', 'essence': '', 'level': 0}
2023-09-01 23:34:35,110:INFO:L0 proposition>{'case': 271, 'proposition': 'This recipe has these ingredients.', 'appearance': 'new ingrediets', 'essence': '', 'level': 0}
2023-09-01 23:43:09,338:INFO:/home/jazzbox35/GitHub/AME_Client_Project/ame_client_project/ame_client_app/views.py changed, reloading.
2023-09-01 23:43:33,769:INFO:/home/jazzbox35/GitHub/AME_Client_Project/ame_client_project/ame_client_app/urls.py changed, reloading.
2023-09-01 23:44:34,336:INFO:/home/jazzbox35/GitHub/AME_Client_Project/ame_client_project/ame_client_app/views.py changed, reloading.
2023-09-01 23:44:48,718:INFO:/home/jazzbox35/GitHub/AME_Client_Project/ame_client_project/ame_client_app/views.py changed, reloading.
2023-09-01 23:45:59,279:INFO:L0 proposition>{'case': 272, 'proposition': 'This recipe has these ingredients.', 'appearance': 'new ingrediets', 'essence': '', 'level': 0}
2023-09-01 23:46:33,952:INFO:L0 proposition>{'case': 272, 'proposition': None, 'appearance': '', 'essence': '', 'level': 1}
2023-09-01 23:47:46,503:WARNING:Not Found: /favicon.ico
2023-09-01 23:48:02,139:INFO:L0 proposition>{'case': 274, 'proposition': 'This recipe has these ingredients.', 'appearance': '', 'essence': '', 'level': 0}
2023-09-01 23:48:14,507:INFO:L0 proposition>{'case': 274, 'proposition': 'This cuisine is good', 'appearance': '', 'essence': '', 'level': 1}
2023-09-01 23:57:50,788:INFO:L0 proposition>{'case': 286, 'proposition': 'This recipe has these ingredients.', 'appearance': 't1 t2 t3', 'essence': '', 'level': 0}
2023-09-01 23:58:01,549:INFO:L0 proposition>{'case': 287, 'proposition': 'This recipe has these ingredients.', 'appearance': 'Enter terms...', 'essence': '', 'level': 0}
2023-09-01 23:58:23,062:INFO:L0 proposition>{'case': 288, 'proposition': 'This recipe has these ingredients.', 'appearance': 'a b c d ', 'essence': '', 'level': 0}
2023-09-01 23:58:30,942:INFO:L0 proposition>{'case': 288, 'proposition': 'This cuisine is...', 'appearance': '', 'essence': '', 'level': 1}
2023-09-01 23:59:50,425:INFO:L0 proposition>{'case': 290, 'proposition': 'This recipe has these ingredients.', 'appearance': 'a b c', 'essence': '', 'level': 0}
2023-09-01 23:59:53,649:INFO:L0 proposition>{'case': 290, 'proposition': 'This cuisine is...', 'appearance': '', 'essence': '', 'level': 1}
2023-09-02 00:11:09,110:INFO:L0 proposition>{'case': 300, 'proposition': 'This recipe has these ingredients.', 'appearance': 'Enter terms...', 'essence': '', 'level': 0}
2023-09-02 00:11:19,334:INFO:L0 proposition>{'case': 301, 'proposition': 'This recipe has these ingredients.', 'appearance': 'Enter terms...', 'essence': '', 'level': 0}
2023-09-02 00:12:03,152:INFO:L0 proposition>{'case': 302, 'proposition': 'This recipe has these ingredients.', 'appearance': 'Enter terms...', 'essence': '', 'level': 0}
2023-09-02 00:12:33,536:INFO:L0 proposition>{'case': 303, 'proposition': 'This recipe has these ingredients.', 'appearance': 'Enter terms...', 'essence': '', 'level': 0}
2023-09-02 00:12:41,098:INFO:L0 proposition>{'case': 303, 'proposition': 'This cuisine is...', 'appearance': '', 'essence': '', 'level': 1}
2023-09-02 00:14:15,908:INFO:L0 proposition>{'case': 304, 'proposition': 'This recipe has these ingredients.', 'appearance': 'Enter terms...', 'essence': '', 'level': 0}
2023-09-02 00:14:23,948:INFO:L0 proposition>{'case': 304, 'proposition': 'This cuisine is default', 'appearance': '', 'essence': '', 'level': 1}
2023-09-02 00:14:49,373:INFO:L0 proposition>{'case': 305, 'proposition': 'This recipe has these ingredients.', 'appearance': 'Enter terms...', 'essence': '', 'level': 0}
2023-09-02 00:15:01,349:INFO:L0 proposition>{'case': 305, 'proposition': 'This cuisine is default', 'appearance': '', 'essence': '', 'level': 1}
2023-09-02 00:16:29,977:INFO:L0 proposition>{'case': 311, 'proposition': 'This recipe has these ingredients.', 'appearance': 'Enter terms...', 'essence': '', 'level': 0}
2023-09-02 00:16:33,968:INFO:L0 proposition>{'case': 312, 'proposition': 'This recipe has these ingredients.', 'appearance': 'Enter terms...', 'essence': '', 'level': 0}
2023-09-02 00:16:37,976:INFO:L0 proposition>{'case': 312, 'proposition': 'This cuisine is default', 'appearance': '', 'essence': '', 'level': 1}
2023-09-02 00:19:33,422:INFO:L0 proposition>{'case': 313, 'proposition': 'This recipe has these ingredients.', 'appearance': 'Enter terms...', 'essence': '', 'level': 0}
2023-09-02 00:19:44,503:INFO:L0 proposition>{'case': 314, 'proposition': 'This recipe has these ingredients.', 'appearance': 'Enter terms...', 'essence': '', 'level': 0}
2023-09-02 00:20:19,016:INFO:L0 proposition>{'case': 315, 'proposition': 'This recipe has these ingredients.', 'appearance': 'Enter terms...', 'essence': '', 'level': 0}
2023-09-02 00:20:28,744:INFO:L0 proposition>{'case': 316, 'proposition': 'This recipe has these ingredients.', 'appearance': 'Enter terms...', 'essence': '', 'level': 0}
2023-09-02 00:22:48,156:INFO:L0 proposition>{'case': 321, 'proposition': 'This recipe has these ingredients.', 'appearance': 'Enter terms...', 'essence': '', 'level': 0}
2023-09-02 00:23:05,765:INFO:L0 proposition>{'case': 321, 'proposition': 'This cuisine is default', 'appearance': '', 'essence': '', 'level': 1}
2023-09-02 00:23:14,694:INFO:L0 proposition>{'case': 322, 'proposition': 'This recipe has these ingredients.', 'appearance': 'Enter terms...', 'essence': '', 'level': 0}
2023-09-02 00:26:17,055:INFO:/home/jazzbox35/GitHub/AME_Client_Project/ame_client_project/ame_client_app/views.py changed, reloading.
2023-09-02 00:29:50,267:INFO:/home/jazzbox35/GitHub/AME_Client_Project/ame_client_project/ame_client_app/views.py changed, reloading.
2023-09-02 00:30:00,623:INFO:/home/jazzbox35/GitHub/AME_Client_Project/ame_client_project/ame_client_app/views.py changed, reloading.
2023-09-02 00:30:05,943:ERROR:Internal Server Error: /ame_client_app/
Traceback (most recent call last):
  File "/usr/local/lib/python3.8/site-packages/django/core/handlers/exception.py", line 55, in inner
    response = get_response(request)
  File "/usr/local/lib/python3.8/site-packages/django/core/handlers/base.py", line 197, in _get_response
    response = wrapped_callback(request, *callback_args, **callback_kwargs)
  File "/home/jazzbox35/GitHub/AME_Client_Project/ame_client_project/ame_client_app/views.py", line 34, in index
    return render(request, "ame_client_app/home.html", {"data": data, "next_action": next_action})
  File "/usr/local/lib/python3.8/site-packages/django/shortcuts.py", line 24, in render
    content = loader.render_to_string(template_name, context, request, using=using)
  File "/usr/local/lib/python3.8/site-packages/django/template/loader.py", line 62, in render_to_string
    return template.render(context, request)
  File "/usr/local/lib/python3.8/site-packages/django/template/backends/django.py", line 61, in render
    return self.template.render(context)
  File "/usr/local/lib/python3.8/site-packages/django/template/base.py", line 175, in render
    return self._render(context)
  File "/usr/local/lib/python3.8/site-packages/django/template/base.py", line 167, in _render
    return self.nodelist.render(context)
  File "/usr/local/lib/python3.8/site-packages/django/template/base.py", line 1005, in render
    return SafeString("".join([node.render_annotated(context) for node in self]))
  File "/usr/local/lib/python3.8/site-packages/django/template/base.py", line 1005, in <listcomp>
    return SafeString("".join([node.render_annotated(context) for node in self]))
  File "/usr/local/lib/python3.8/site-packages/django/template/base.py", line 966, in render_annotated
    return self.render(context)
  File "/usr/local/lib/python3.8/site-packages/django/template/defaulttags.py", line 471, in render
    url = reverse(view_name, args=args, kwargs=kwargs, current_app=current_app)
  File "/usr/local/lib/python3.8/site-packages/django/urls/base.py", line 88, in reverse
    return resolver._reverse_with_prefix(view, prefix, *args, **kwargs)
  File "/usr/local/lib/python3.8/site-packages/django/urls/resolvers.py", line 828, in _reverse_with_prefix
    raise NoReverseMatch(msg)
django.urls.exceptions.NoReverseMatch: Reverse for 'CreateL2' not found. 'CreateL2' is not a valid view function or pattern name.
2023-09-02 00:30:23,064:INFO:/home/jazzbox35/GitHub/AME_Client_Project/ame_client_project/ame_client_app/urls.py changed, reloading.
2023-09-02 00:30:35,012:INFO:L0 proposition>{'case': 325, 'proposition': 'This recipe has these ingredients.', 'appearance': 'Enter terms...', 'essence': '', 'level': 0}
2023-09-02 00:30:39,507:INFO:L1 S1 proposition>{'case': 325, 'proposition': 'This cuisine is default', 'appearance': '', 'essence': '', 'level': 1}
2023-09-02 00:31:51,077:INFO:L0 proposition>{'case': 327, 'proposition': 'This recipe has these ingredients.', 'appearance': 'Enter terms...', 'essence': '', 'level': 0}
2023-09-02 00:31:53,285:INFO:L1 S1 proposition>{'case': 327, 'proposition': 'This cuisine is default', 'appearance': '', 'essence': '', 'level': 1}
2023-09-02 00:33:36,801:INFO:L0 proposition>{'case': 330, 'proposition': 'This recipe has these ingredients.', 'appearance': 'Enter terms...', 'essence': '', 'level': 0}
2023-09-02 00:33:38,648:INFO:L1 S1 proposition>{'case': 330, 'proposition': 'This cuisine is default', 'appearance': '', 'essence': '', 'level': 1}
2023-09-02 00:34:55,420:INFO:L0 proposition>{'case': 333, 'proposition': 'This recipe has these ingredients.', 'appearance': 'Enter terms...', 'essence': '', 'level': 0}
2023-09-02 00:34:58,235:INFO:L1 S1 proposition>{'case': 333, 'proposition': 'This cuisine is default', 'appearance': '', 'essence': '', 'level': 1}
2023-09-02 00:34:59,635:INFO:L1 S1 proposition>{'case': 333, 'proposition': 'This cuisine is default', 'appearance': '', 'essence': '', 'level': 1}
2023-09-02 00:37:45,295:INFO:/home/jazzbox35/GitHub/AME_Client_Project/ame_client_project/ame_client_app/urls.py changed, reloading.
2023-09-02 00:38:20,736:INFO:/home/jazzbox35/GitHub/AME_Client_Project/ame_client_project/ame_client_app/views.py changed, reloading.
2023-09-02 00:39:03,153:INFO:/home/jazzbox35/GitHub/AME_Client_Project/ame_client_project/ame_client_app/views.py changed, reloading.
2023-09-02 00:39:17,499:INFO:/home/jazzbox35/GitHub/AME_Client_Project/ame_client_project/ame_client_app/views.py changed, reloading.
2023-09-02 00:39:36,877:INFO:/home/jazzbox35/GitHub/AME_Client_Project/ame_client_project/ame_client_app/views.py changed, reloading.
2023-09-02 00:39:40,187:INFO:/home/jazzbox35/GitHub/AME_Client_Project/ame_client_project/ame_client_app/views.py changed, reloading.
2023-09-02 00:39:47,519:INFO:/home/jazzbox35/GitHub/AME_Client_Project/ame_client_project/ame_client_app/views.py changed, reloading.
2023-09-02 00:40:11,937:INFO:/home/jazzbox35/GitHub/AME_Client_Project/ame_client_project/ame_client_app/views.py changed, reloading.
2023-09-02 00:40:19,781:INFO:L0 proposition>{'case': 335, 'proposition': 'This recipe has these ingredients.', 'appearance': 'Enter terms...', 'essence': '', 'level': 0}
2023-09-02 00:40:32,854:INFO:L1 S2 proposition>{'case': 335, 'proposition': 'This cuisine is customer', 'appearance': '', 'essence': '', 'level': 1}
2023-09-02 00:40:38,918:INFO:realistic call>{'case': 335}
2023-09-02 00:40:40,194:INFO:realistic call>{'case': 335}
2023-09-02 00:41:45,825:INFO:realistic call>{'case': 335}
2023-09-02 00:41:48,096:INFO:realistic call>{'case': 335}
2023-09-02 00:41:51,272:INFO:L0 proposition>{'case': 336, 'proposition': 'This recipe has these ingredients.', 'appearance': 'Enter terms...', 'essence': '', 'level': 0}
2023-09-02 00:41:57,232:INFO:L0 proposition>{'case': 337, 'proposition': 'This recipe has these ingredients.', 'appearance': 'Enter terms...', 'essence': '', 'level': 0}
2023-09-02 00:42:02,113:INFO:L1 S2 proposition>{'case': 337, 'proposition': 'This cuisine is default', 'appearance': '', 'essence': '', 'level': 1}
2023-09-02 00:42:09,593:INFO:realistic call>{'case': 337}
2023-09-02 00:43:38,053:INFO:L0 proposition>{'case': 338, 'proposition': 'This recipe has these ingredients.', 'appearance': 'Enter terms...', 'essence': '', 'level': 0}
2023-09-02 00:43:57,230:INFO:L1 S2 proposition>{'case': 338, 'proposition': 'This cuisine is default', 'appearance': '', 'essence': '', 'level': 1}
2023-09-02 00:43:59,748:INFO:realistic call>{'case': 338}
2023-09-02 00:44:27,029:INFO:realistic call>{'case': 338}
2023-09-02 05:00:55,697:INFO:L0 proposition>{'case': 3, 'proposition': 'This recipe has these ingredients.', 'appearance': 'spaghetti pesto garlic', 'essence': '', 'level': 0}
2023-09-02 05:01:50,184:INFO:L1 S2 proposition>{'case': 3, 'proposition': 'this recipe is italian', 'appearance': '', 'essence': '', 'level': 1}
2023-09-02 05:01:52,772:INFO:realistic call>{'case': 3}
2023-09-02 05:03:33,988:INFO:realistic call>{'case': 3}
2023-09-02 05:03:42,758:INFO:realistic call>{'case': 3}
2023-09-02 05:04:43,281:INFO:L0 proposition>{'case': 4, 'proposition': 'This recipe has these ingredients.', 'appearance': 'spaghetti pesto garlic', 'essence': '', 'level': 0}
2023-09-02 05:05:01,987:INFO:L1 S2 proposition>{'case': 4, 'proposition': 'this dish is mexican', 'appearance': '', 'essence': '', 'level': 1}
2023-09-02 05:05:04,583:INFO:realistic call>{'case': 4}
2023-09-02 05:05:21,811:INFO:realistic call>{'case': 4}
2023-09-02 05:08:33,743:INFO:L0 proposition>{'case': 6, 'proposition': 'This recipe has these ingredients.', 'appearance': 'spaghetti pesto garlic', 'essence': '', 'level': 0}
2023-09-02 05:08:57,219:INFO:L1 S2 proposition>{'case': 6, 'proposition': 'this recipe is mexican', 'appearance': '', 'essence': '', 'level': 1}
2023-09-02 05:08:59,023:INFO:realistic call>{'case': 6}
2023-09-02 05:11:23,920:INFO:L0 proposition>{'case': 7, 'proposition': 'This recipe has these ingredients.', 'appearance': 'spaghetti pesto garlic', 'essence': '', 'level': 0}
2023-09-02 05:11:39,887:INFO:L1 S2 proposition>{'case': 7, 'proposition': '?', 'appearance': '', 'essence': '', 'level': 1}
2023-09-02 05:11:53,725:INFO:realistic call>{'case': 7}
2023-09-02 05:13:11,110:INFO:L0 proposition>{'case': 8, 'proposition': 'This recipe has these ingredients.', 'appearance': 'Enter terms...', 'essence': '', 'level': 0}
2023-09-02 05:13:28,839:INFO:L1 S2 proposition>{'case': 8, 'proposition': '?', 'appearance': '', 'essence': '', 'level': 1}
2023-09-02 05:13:31,777:INFO:realistic call>{'case': 8}
2023-09-02 16:15:53,237:WARNING:Not Found: /favicon.ico
2023-09-03 22:24:28,883:INFO:L0 proposition>{'case': 1, 'proposition': 'This recipe has these ingredients.', 'appearance': '', 'essence': '', 'level': 0}
2023-09-03 22:24:41,965:INFO:L1 S2 proposition>{'case': 1, 'proposition': 'This cuisine is default', 'appearance': '', 'essence': '', 'level': 1}
2023-09-03 22:24:44,801:INFO:realistic call>{'case': 1}
2023-09-03 22:25:08,854:INFO:L0 proposition>{'case': 2, 'proposition': 'This recipe has these ingredients.', 'appearance': 'apple rice honey', 'essence': '', 'level': 0}
2023-09-03 22:25:27,767:INFO:L1 S2 proposition>{'case': 2, 'proposition': '?', 'appearance': '', 'essence': '', 'level': 1}
2023-09-03 22:25:30,110:INFO:realistic call>{'case': 2}
2023-09-03 22:36:23,144:INFO:L0 proposition>{'case': 3, 'proposition': 'This recipe has these ingredients.', 'appearance': 'spaghetti pesto garlic ', 'essence': '', 'level': 0}
2023-09-03 22:36:40,129:INFO:L1 S2 proposition>{'case': 3, 'proposition': 'This recipe is Italian', 'appearance': '', 'essence': '', 'level': 1}
2023-09-03 22:36:42,651:INFO:realistic call>{'case': 3}
2023-09-03 22:39:27,109:INFO:realistic call>{'case': 3}
2023-09-03 22:44:18,158:INFO:/home/jazzbox35/GitHub/AME_Client_Project/ame_client_project/ame_client_app/views.py changed, reloading.
2023-09-03 22:44:44,580:INFO:/home/jazzbox35/GitHub/AME_Client_Project/ame_client_project/ame_client_app/urls.py changed, reloading.
2023-09-03 22:53:09,119:INFO:retract that>{'case': 4}
2023-09-03 22:53:12,563:INFO:L0 proposition>{'case': 4, 'proposition': 'This recipe has these ingredients.', 'appearance': 'spaghetti pesto garlic ', 'essence': '', 'level': 0}
2023-09-03 22:53:26,292:INFO:L1 S1 proposition>{'case': 4, 'proposition': 'This cuisine is default', 'appearance': '', 'essence': '', 'level': 1}
2023-09-03 22:53:35,327:INFO:retract that>{'case': 4}
2023-09-03 22:53:35,431:ERROR:Internal Server Error: /ame_client_app/CreateL4
Traceback (most recent call last):
  File "/usr/local/lib/python3.8/site-packages/django/core/handlers/exception.py", line 55, in inner
    response = get_response(request)
  File "/usr/local/lib/python3.8/site-packages/django/core/handlers/base.py", line 197, in _get_response
    response = wrapped_callback(request, *callback_args, **callback_kwargs)
  File "/home/jazzbox35/GitHub/AME_Client_Project/ame_client_project/ame_client_app/views.py", line 150, in CreateL4
    return JsonResponse(data)
  File "/usr/local/lib/python3.8/site-packages/django/http/response.py", line 741, in __init__
    raise TypeError(
TypeError: In order to allow non-dict objects to be serialized set the safe parameter to False.
2023-09-03 23:00:11,877:INFO:/home/jazzbox35/GitHub/AME_Client_Project/ame_client_project/ame_client_app/views.py changed, reloading.
2023-09-03 23:00:17,258:INFO:retract that>{'case': 4}
2023-09-03 23:00:17,342:INFO:OK>[{'message': 'from case #4 proposition #1 retracted', 'info': []}]
2023-09-03 23:00:17,359:ERROR:Internal Server Error: /ame_client_app/CreateL4
Traceback (most recent call last):
  File "/usr/local/lib/python3.8/site-packages/django/core/handlers/exception.py", line 55, in inner
    response = get_response(request)
  File "/usr/local/lib/python3.8/site-packages/django/core/handlers/base.py", line 197, in _get_response
    response = wrapped_callback(request, *callback_args, **callback_kwargs)
  File "/home/jazzbox35/GitHub/AME_Client_Project/ame_client_project/ame_client_app/views.py", line 150, in CreateL4
    return JsonResponse(data)
  File "/usr/local/lib/python3.8/site-packages/django/http/response.py", line 741, in __init__
    raise TypeError(
TypeError: In order to allow non-dict objects to be serialized set the safe parameter to False.
2023-09-03 23:05:57,040:INFO:L1 S2 proposition>{'case': 4, 'proposition': 'This cuisine is default', 'appearance': '', 'essence': '', 'level': 1}
2023-09-03 23:14:02,937:INFO:L0 proposition>{'case': 6, 'proposition': 'This recipe has these ingredients.', 'appearance': 'spaghetti pesto garlic ', 'essence': '', 'level': 0}
2023-09-03 23:14:06,369:INFO:retract that>{'case': 6}
2023-09-03 23:14:06,477:INFO:OK>[{'message': 'from case #6 proposition #1 retracted', 'info': '[]'}]
2023-09-03 23:14:06,491:ERROR:Internal Server Error: /ame_client_app/CreateL4
Traceback (most recent call last):
  File "/usr/local/lib/python3.8/site-packages/django/core/handlers/exception.py", line 55, in inner
    response = get_response(request)
  File "/usr/local/lib/python3.8/site-packages/django/core/handlers/base.py", line 197, in _get_response
    response = wrapped_callback(request, *callback_args, **callback_kwargs)
  File "/home/jazzbox35/GitHub/AME_Client_Project/ame_client_project/ame_client_app/views.py", line 150, in CreateL4
    return JsonResponse(data)
  File "/usr/local/lib/python3.8/site-packages/django/http/response.py", line 741, in __init__
    raise TypeError(
TypeError: In order to allow non-dict objects to be serialized set the safe parameter to False.
2023-09-03 23:17:01,301:INFO:/home/jazzbox35/GitHub/AME_Client_Project/ame_client_project/ame_client_app/views.py changed, reloading.
2023-09-03 23:17:05,848:INFO:retract that>{'case': 6}
2023-09-03 23:17:05,951:INFO:OK>{'message': 'OK!'}
2023-09-03 23:17:24,729:INFO:/home/jazzbox35/GitHub/AME_Client_Project/ame_client_project/ame_client_app/views.py changed, reloading.
2023-09-03 23:17:31,185:INFO:retract that>{'case': 6}
2023-09-03 23:17:31,286:INFO:OK>{'message': 'OK!', 'info': '[]'}
2023-09-03 23:17:40,486:INFO:L0 proposition>{'case': 7, 'proposition': 'This recipe has these ingredients.', 'appearance': 'Enter terms...', 'essence': '', 'level': 0}
2023-09-03 23:17:47,264:INFO:L1 S2 proposition>{'case': 7, 'proposition': 'This cuisine is default', 'appearance': '', 'essence': '', 'level': 1}
2023-09-03 23:17:50,576:INFO:retract that>{'case': 7}
2023-09-03 23:17:50,605:INFO:OK>{'message': 'OK!', 'info': '[]'}
2023-09-03 23:18:08,271:INFO:/home/jazzbox35/GitHub/AME_Client_Project/ame_client_project/ame_client_app/views.py changed, reloading.
2023-09-03 23:18:14,114:INFO:L0 proposition>{'case': 8, 'proposition': 'This recipe has these ingredients.', 'appearance': 'Enter terms...', 'essence': '', 'level': 0}
2023-09-03 23:18:17,176:INFO:retract that>{'case': 8}
2023-09-03 23:18:17,198:INFO:OK>{'message': 'OK!', 'info': '[]'}
2023-09-03 23:18:44,748:INFO:/home/jazzbox35/GitHub/AME_Client_Project/ame_client_project/ame_client_app/views.py changed, reloading.
2023-09-03 23:18:53,729:INFO:L0 proposition>{'case': 9, 'proposition': 'This recipe has these ingredients.', 'appearance': 'Enter terms...', 'essence': '', 'level': 0}
2023-09-03 23:18:56,695:INFO:retract that>{'case': 9}
2023-09-03 23:20:27,508:INFO:/home/jazzbox35/GitHub/AME_Client_Project/ame_client_project/ame_client_app/views.py changed, reloading.
2023-09-03 23:20:37,934:INFO:L0 proposition>{'case': 10, 'proposition': 'This recipe has these ingredients.', 'appearance': 'Enter terms...', 'essence': '', 'level': 0}
2023-09-03 23:20:40,462:INFO:retract that>{'case': 10}
2023-09-03 23:20:40,482:INFO:bad>[{'message': 'from case #10 proposition #1 retracted', 'info': '[]'}]
2023-09-03 23:20:40,482:INFO:sending>{'message': 'OK!', 'info': '[]'}
2023-09-03 23:21:37,127:INFO:/home/jazzbox35/GitHub/AME_Client_Project/ame_client_project/ame_client_app/views.py changed, reloading.
2023-09-03 23:21:49,485:INFO:/home/jazzbox35/GitHub/AME_Client_Project/ame_client_project/ame_client_app/views.py changed, reloading.
2023-09-03 23:21:54,713:INFO:L0 proposition>{'case': 11, 'proposition': 'This recipe has these ingredients.', 'appearance': 'Enter terms...', 'essence': '', 'level': 0}
2023-09-03 23:21:57,334:INFO:retract that>{'case': 11}
2023-09-03 23:21:57,354:INFO:bad>[{'message': 'from case #11 proposition #1 retracted', 'info': '[]'}]
2023-09-03 23:21:57,354:INFO:sending>[{'message': 'OK!', 'info': '[]'}]
2023-09-03 23:21:57,369:ERROR:Internal Server Error: /ame_client_app/CreateL4
Traceback (most recent call last):
  File "/usr/local/lib/python3.8/site-packages/django/core/handlers/exception.py", line 55, in inner
    response = get_response(request)
  File "/usr/local/lib/python3.8/site-packages/django/core/handlers/base.py", line 197, in _get_response
    response = wrapped_callback(request, *callback_args, **callback_kwargs)
  File "/home/jazzbox35/GitHub/AME_Client_Project/ame_client_project/ame_client_app/views.py", line 152, in CreateL4
    return JsonResponse(data)
  File "/usr/local/lib/python3.8/site-packages/django/http/response.py", line 741, in __init__
    raise TypeError(
TypeError: In order to allow non-dict objects to be serialized set the safe parameter to False.
2023-09-03 23:38:22,721:INFO:/home/jazzbox35/GitHub/AME_Client_Project/ame_client_project/ame_client_app/views.py changed, reloading.
2023-09-03 23:38:34,125:INFO:L0 proposition>{'case': 13, 'proposition': 'This recipe has these ingredients.', 'appearance': 'Enter terms...', 'essence': '', 'level': 0}
2023-09-03 23:38:37,830:INFO:retract that>{'case': 13}
2023-09-03 23:38:37,933:INFO:sending>{'message': 'OK'}
2023-09-03 23:45:00,540:INFO:L0 proposition>{'case': 14, 'proposition': 'This recipe has these ingredients.', 'appearance': 'Enter terms...', 'essence': '', 'level': 0}
2023-09-03 23:45:03,483:INFO:retract that>{'case': 14}
2023-09-03 23:45:03,574:INFO:sending>{'message': 'from case #14 proposition #1 retracted', 'info': '[]'}
2023-09-03 23:47:48,006:INFO:L0 proposition>{'case': 15, 'proposition': 'This recipe has these ingredients.', 'appearance': 'Enter terms...', 'essence': '', 'level': 0}
2023-09-03 23:48:11,963:INFO:L1 S1 proposition>{'case': 15, 'proposition': 'This cuisine is default', 'appearance': '', 'essence': '', 'level': 1}
2023-09-03 23:48:15,688:INFO:retract that>{'case': 15}
2023-09-03 23:48:15,708:INFO:sending>{'message': 'from case #15 proposition #2 retracted', 'info': [[['2023-09-03T16:47:48.165432', 'sys1_proposition load', 'This', 'recipe', 'has', 'these', 'ingredients'], [[False, [1], False], [False, [[3, []]], False], [False, [[3, ['This', 'recipe', 'has', 'these', 'ingredients']]], False], [False, False, False], [False, False, False], [False, False, False], [False, False, False], [False, ['Enter', 'terms...'], False], [False, False, False], [False, ['bake', 'crust', 'spice', 'tart', 'butter', 'aroma', 'crumble', 'sugar', 'juicy', 'cinnamon', 'fresh', 'sweet', 'apple'], False], [False, False, False], [False, False, False], [False, False, False]]]]}
2023-09-03 23:48:17,888:INFO:retract that>{'case': 15}
2023-09-03 23:48:17,975:INFO:sending>{'message': 'from case #15 proposition #1 retracted', 'info': []}
2023-09-03 23:50:47,379:INFO:L0 proposition>{'case': 16, 'proposition': 'This recipe has these ingredients.', 'appearance': 'Enter terms...', 'essence': '', 'level': 0}
2023-09-04 00:01:57,726:INFO:/home/jazzbox35/GitHub/AME_Client_Project/ame_client_project/ame_client_app/views.py changed, reloading.
2023-09-04 00:02:33,171:INFO:/home/jazzbox35/GitHub/AME_Client_Project/ame_client_project/ame_client_app/urls.py changed, reloading.
2023-09-04 00:04:46,895:INFO:L0 proposition>{'case': 17, 'proposition': 'This recipe has these ingredients.', 'appearance': 'Enter terms...', 'essence': '', 'level': 0}
2023-09-04 00:05:01,886:INFO:L1 S1 proposition>{'case': 17, 'proposition': 'This cuisine is default', 'appearance': '', 'essence': '', 'level': 1}
2023-09-04 00:05:06,401:INFO:train case>{'case': 17}
2023-09-04 00:11:37,897:INFO:L0 proposition>{'case': 18, 'proposition': 'This recipe has these ingredients.', 'appearance': 'Enter terms...', 'essence': '', 'level': 0}
2023-09-04 00:11:45,506:INFO:train case>{'case': 18}
2023-09-04 00:15:40,260:INFO:L0 proposition>{'case': 19, 'proposition': 'This recipe has these ingredients.', 'appearance': 'stuff in here', 'essence': '', 'level': 0}
2023-09-04 00:16:18,236:INFO:train case>{'case': 21}
2023-09-04 00:17:47,498:INFO:L0 proposition>{'case': 21, 'proposition': 'This recipe has these ingredients.', 'appearance': 'Enter terms...', 'essence': '', 'level': 0}
2023-09-04 00:20:47,072:INFO:L0 proposition>{'case': 22, 'proposition': 'This recipe has these ingredients.', 'appearance': 'spagetti pesto', 'essence': '', 'level': 0}
2023-09-04 00:21:03,104:INFO:L1 S2 proposition>{'case': 22, 'proposition': 'This recipe is...', 'appearance': '', 'essence': '', 'level': 1}
2023-09-04 00:21:05,940:INFO:realistic call>{'case': 22}
2023-09-04 00:26:21,799:INFO:realistic call>{'case': 22}
2023-09-04 00:26:30,448:INFO:realistic call>{'case': 22}
2023-09-04 00:27:44,668:INFO:L0 proposition>{'case': 24, 'proposition': 'This recipe has these ingredients.', 'appearance': 'Enter terms...', 'essence': '', 'level': 0}
2023-09-04 00:28:15,815:INFO:L0 proposition>{'case': 25, 'proposition': 'This recipe has these ingredients.', 'appearance': 'spaghetti pesto sausage onion', 'essence': '', 'level': 0}
2023-09-04 00:28:33,170:INFO:L1 S2 proposition>{'case': 25, 'proposition': 'cuisine Type is Italian', 'appearance': '', 'essence': '', 'level': 1}
2023-09-04 00:28:35,476:INFO:realistic call>{'case': 25}
2023-09-04 00:28:40,762:INFO:train case>{'case': 25}
2023-09-04 00:29:15,654:INFO:L0 proposition>{'case': 26, 'proposition': 'This recipe has these ingredients.', 'appearance': 'sausage pickles salt rice', 'essence': '', 'level': 0}
2023-09-04 00:29:36,598:INFO:L1 S2 proposition>{'case': 26, 'proposition': 'Cuisine type is...', 'appearance': '', 'essence': '', 'level': 1}
2023-09-04 00:29:39,639:INFO:realistic call>{'case': 26}
2023-09-04 00:39:21,608:INFO:L0 proposition>{'case': 30, 'proposition': 'This recipe has these ingredients.', 'appearance': 'sausage pickles salt rice', 'essence': '', 'level': 0}
2023-09-04 00:39:38,506:INFO:train case>{'case': 32}
2023-09-04 01:00:23,109:INFO:train case>{'case': 43}
2023-09-04 01:00:25,663:INFO:retract that>{'case': 43}
2023-09-04 01:00:27,651:INFO:realistic call>{'case': 43}
2023-09-04 01:00:29,605:INFO:L1 S2 proposition>{'case': 43, 'proposition': '', 'appearance': '', 'essence': '', 'level': 1}
2023-09-04 01:00:36,703:INFO:L0 proposition>{'case': 43, 'proposition': 'This recipe has these ingredients.', 'appearance': 'Enter terms...', 'essence': '', 'level': 0}
2023-09-04 01:57:14,746:INFO:L0 proposition>{'case': 53, 'proposition': 'This recipe has these ingredients.', 'appearance': 'Enter terms...', 'essence': '', 'level': 0}
2023-09-04 01:58:29,043:WARNING:Not Found: /favicon.ico
2023-09-04 02:08:06,999:WARNING:Not Found: /favicon.ico
2023-09-04 02:20:24,969:INFO:L0 proposition>{'case': 81, 'proposition': 'This recipe has these ingredients.', 'appearance': 'Enter terms...', 'essence': '', 'level': 0}
2023-09-04 02:20:30,762:INFO:L1 S1 proposition>{'case': 81, 'proposition': 'This recipe is...', 'appearance': '', 'essence': '', 'level': 1}
2023-09-04 02:21:27,650:INFO:L0 proposition>{'case': 83, 'proposition': 'This recipe has these ingredients.', 'appearance': 'pinapple olive cherry mango creme', 'essence': '', 'level': 0}
2023-09-04 02:21:40,365:INFO:L1 S2 proposition>{'case': 83, 'proposition': '?', 'appearance': '', 'essence': '', 'level': 1}
2023-09-04 02:21:44,627:INFO:realistic call>{'case': 83}
2023-09-04 02:21:50,167:INFO:retract that>{'case': 83}
2023-09-04 02:23:13,181:INFO:L0 proposition>{'case': 85, 'proposition': 'This recipe has these ingredients.', 'appearance': 'Enter terms...', 'essence': '', 'level': 0}
2023-09-04 02:23:35,957:INFO:L0 proposition>{'case': 87, 'proposition': 'This recipe has these ingredients.', 'appearance': 'Enter terms...', 'essence': '', 'level': 0}
2023-09-04 02:23:40,650:INFO:retract that>{'case': 87}
2023-09-04 02:24:07,369:INFO:L0 proposition>{'case': 88, 'proposition': 'This recipe has these ingredients.', 'appearance': 'rice beans tortilla tabasco', 'essence': '', 'level': 0}
2023-09-04 02:24:20,870:INFO:L1 S2 proposition>{'case': 88, 'proposition': '?', 'appearance': '', 'essence': '', 'level': 1}
2023-09-04 02:24:23,689:INFO:realistic call>{'case': 88}
2023-09-04 02:24:26,430:INFO:retract that>{'case': 88}
2023-09-04 02:24:57,422:INFO:train case>{'case': 89}
2023-09-04 02:28:49,411:INFO:L0 proposition>{'case': 93, 'proposition': 'This recipe has these ingredients.', 'appearance': 'garum masala, tandoori, ric', 'essence': '', 'level': 0}
2023-09-04 02:28:57,058:INFO:L1 S2 proposition>{'case': 93, 'proposition': 'This recipe is...', 'appearance': '', 'essence': '', 'level': 1}
2023-09-04 02:28:59,761:INFO:realistic call>{'case': 93}
2023-09-04 02:29:11,785:INFO:retract that>{'case': 93}
2023-09-04 02:29:44,126:INFO:L0 proposition>{'case': 94, 'proposition': 'This recipe has these ingredients.', 'appearance': 'garum masala, tandoori, rice', 'essence': '', 'level': 0}
2023-09-04 02:29:50,333:INFO:retract that>{'case': 94}
2023-09-04 02:30:17,612:INFO:L0 proposition>{'case': 95, 'proposition': 'This recipe has these ingredients.', 'appearance': 'garum masala, tandoori, rice', 'essence': '', 'level': 0}
2023-09-04 02:30:27,362:INFO:L1 S2 proposition>{'case': 95, 'proposition': 'This recipe is Indian', 'appearance': '', 'essence': '', 'level': 1}
2023-09-04 02:30:32,866:INFO:realistic call>{'case': 95}
2023-09-04 02:30:38,102:INFO:train case>{'case': 95}
2023-09-04 16:47:56,475:INFO:L0 proposition>{'case': 2, 'proposition': 'This recipe has these ingredients.', 'appearance': '', 'essence': '', 'level': 0}
2023-09-04 16:48:24,606:INFO:L0 proposition>{'case': 3, 'proposition': 'This recipe has these ingredients.', 'appearance': 'butter cheese liver rice', 'essence': '', 'level': 0}
2023-09-04 16:48:37,275:INFO:L1 S2 proposition>{'case': 3, 'proposition': '?', 'appearance': '', 'essence': '', 'level': 1}
2023-09-04 16:48:41,142:INFO:realistic call>{'case': 3}
2023-09-04 16:48:47,511:INFO:retract that>{'case': 3}
2023-09-04 16:48:56,194:INFO:L0 proposition>{'case': 4, 'proposition': 'This recipe has these ingredients.', 'appearance': 'Enter terms...', 'essence': '', 'level': 0}
2023-09-04 16:48:59,879:INFO:retract that>{'case': 4}
2023-09-04 16:49:32,620:INFO:L0 proposition>{'case': 5, 'proposition': 'This recipe has these ingredients.', 'appearance': 'soy sauce rice pork', 'essence': '', 'level': 0}
2023-09-04 16:49:44,900:INFO:L1 S2 proposition>{'case': 5, 'proposition': 'This recipe is chinese', 'appearance': '', 'essence': '', 'level': 1}
2023-09-04 16:49:48,713:INFO:realistic call>{'case': 5}
2023-09-04 16:50:38,290:INFO:L0 proposition>{'case': 6, 'proposition': 'This recipe has these ingredients.', 'appearance': 'bread cheese mayonaise mustard pepperoni', 'essence': '', 'level': 0}
2023-09-04 16:50:51,854:INFO:L1 S2 proposition>{'case': 6, 'proposition': '?', 'appearance': '', 'essence': '', 'level': 1}
2023-09-04 16:50:55,441:INFO:realistic call>{'case': 6}
2023-09-05 18:01:00,731:WARNING:Not Found: /favicon.ico
2023-09-05 18:01:23,503:INFO:L0 proposition>{'case': 1, 'proposition': 'This recipe has these ingredients.', 'appearance': 'lettuce cheese onions olive', 'essence': '', 'level': 0}
2023-09-05 18:01:36,584:INFO:L1 S2 proposition>{'case': 1, 'proposition': 'The cuisine type is...', 'appearance': '', 'essence': '', 'level': 1}
2023-09-05 18:01:39,368:INFO:realistic call>{'case': 1}
2023-09-05 18:07:50,276:INFO:L0 proposition>{'case': 3, 'proposition': 'This recipe has these ingredients.', 'appearance': 'Enter terms...', 'essence': '', 'level': 0}
2023-09-05 18:12:59,821:INFO:L0 proposition>{'case': 5, 'proposition': 'This recipe has these ingredients.', 'appearance': 'spaghetti meatballs onion sausage', 'essence': '', 'level': 0}
2023-09-05 18:13:19,702:INFO:L1 S2 proposition>{'case': 5, 'proposition': '?', 'appearance': '', 'essence': '', 'level': 1}
2023-09-05 18:13:22,638:INFO:realistic call>{'case': 5}
2023-09-05 18:14:31,609:INFO:retract that>{'case': 5}
2023-09-05 18:15:22,770:INFO:L0 proposition>{'case': 6, 'proposition': 'This recipe has these ingredients.', 'appearance': 'spaghetti meatballs onion pesto olive garlic', 'essence': '', 'level': 0}
2023-09-05 18:15:30,786:INFO:L1 S2 proposition>{'case': 6, 'proposition': '?', 'appearance': '', 'essence': '', 'level': 1}
2023-09-05 18:15:33,490:INFO:realistic call>{'case': 6}
2023-09-05 18:16:07,970:INFO:L0 proposition>{'case': 7, 'proposition': 'This recipe has these ingredients.', 'appearance': 'soy sauce white rice pork ', 'essence': '', 'level': 0}
2023-09-05 18:16:24,267:INFO:L1 S2 proposition>{'case': 7, 'proposition': '?', 'appearance': '', 'essence': '', 'level': 1}
2023-09-05 18:16:26,467:INFO:realistic call>{'case': 7}
2023-09-05 18:18:00,150:INFO:L0 proposition>{'case': 8, 'proposition': 'This recipe has these ingredients.', 'appearance': 'soy sauce white rice pork ', 'essence': '', 'level': 0}
2023-09-05 18:18:20,846:INFO:L1 S2 proposition>{'case': 8, 'proposition': 'Cuisine type is Chinese', 'appearance': '', 'essence': '', 'level': 1}
2023-09-05 18:18:24,511:INFO:realistic call>{'case': 8}
2023-09-05 18:18:41,744:INFO:L0 proposition>{'case': 9, 'proposition': 'This recipe has these ingredients.', 'appearance': 'soy sauce white rice pork ', 'essence': '', 'level': 0}
2023-09-05 18:18:52,744:INFO:L1 S2 proposition>{'case': 9, 'proposition': 'Cuisine type is...', 'appearance': '', 'essence': '', 'level': 1}
2023-09-05 18:18:54,719:INFO:realistic call>{'case': 9}
2023-09-05 19:28:57,381:INFO:L0 proposition>{'case': 12, 'proposition': 'This recipe has these ingredients.', 'appearance': 'soy sauce white rice ', 'essence': '', 'level': 0}
2023-09-05 19:29:06,788:INFO:L1 S2 proposition>{'case': 12, 'proposition': 'This recipe is...', 'appearance': '', 'essence': '', 'level': 1}
2023-09-05 19:29:08,683:INFO:realistic call>{'case': 12}
2023-09-05 19:34:52,935:INFO:L0 proposition>{'case': 14, 'proposition': 'This recipe has these ingredients.', 'appearance': 'soy sauce white rice ', 'essence': '', 'level': 0}
2023-09-05 19:35:03,958:INFO:L1 S2 proposition>{'case': 14, 'proposition': 'This recipe is...', 'appearance': '', 'essence': '', 'level': 1}
2023-09-05 19:35:07,711:INFO:realistic call>{'case': 14}
2023-09-05 19:37:03,588:INFO:L0 proposition>{'case': 15, 'proposition': 'This recipe has these ingredients.', 'appearance': 'soy sauce white rice ', 'essence': '', 'level': 0}
2023-09-05 19:37:17,667:INFO:L1 S2 proposition>{'case': 15, 'proposition': None, 'appearance': '', 'essence': '', 'level': 1}
2023-09-05 20:01:11,529:INFO:L0 proposition>{'case': 16, 'proposition': 'This recipe has these ingredients.', 'appearance': 'soy sauce white rice ', 'essence': '', 'level': 0}
2023-09-05 20:01:33,785:INFO:L1 S2 proposition>{'case': 16, 'proposition': None, 'appearance': '', 'essence': '', 'level': 1}
2023-09-05 20:05:15,777:INFO:L0 proposition>{'case': 17, 'proposition': 'This recipe has these ingredients.', 'appearance': 'soy sauce white rice ', 'essence': '', 'level': 0}
2023-09-05 20:05:22,721:INFO:L1 S1 proposition>{'case': 17, 'proposition': 'This recipe is...', 'appearance': '', 'essence': '', 'level': 1}
2023-09-05 20:05:29,016:INFO:train case>{'case': 17}
2023-09-05 20:05:46,282:INFO:L0 proposition>{'case': 18, 'proposition': 'This recipe has these ingredients.', 'appearance': 'soy sauce rice pork', 'essence': '', 'level': 0}
2023-09-05 20:06:01,018:INFO:L1 S2 proposition>{'case': 18, 'proposition': 'This recipe is Chinese', 'appearance': '', 'essence': '', 'level': 1}
2023-09-05 20:06:03,194:INFO:realistic call>{'case': 18}
2023-09-05 20:08:40,951:INFO:L0 proposition>{'case': 19, 'proposition': 'This recipe has these ingredients.', 'appearance': 'soy sauce white rice pork', 'essence': '', 'level': 0}
2023-09-05 20:08:51,943:INFO:L1 S2 proposition>{'case': 19, 'proposition': '?', 'appearance': '', 'essence': '', 'level': 1}
2023-09-05 20:08:56,087:INFO:realistic call>{'case': 19}
2023-09-05 20:10:15,402:INFO:L0 proposition>{'case': 20, 'proposition': 'This recipe has these ingredients.', 'appearance': 'soy sauce white rice pork', 'essence': '', 'level': 0}
2023-09-05 20:10:26,777:INFO:L1 S2 proposition>{'case': 20, 'proposition': 'This recipe is Chinese', 'appearance': '', 'essence': '', 'level': 1}
2023-09-05 20:10:29,746:INFO:realistic call>{'case': 20}
2023-09-05 20:10:32,162:INFO:realistic call>{'case': 20}
2023-09-05 20:11:53,035:INFO:/home/jazzbox35/GitHub/AME_Client_Project/ame_client_project/ame_client_app/views.py changed, reloading.
2023-09-05 20:12:16,454:INFO:/home/jazzbox35/GitHub/AME_Client_Project/ame_client_project/ame_client_app/views.py changed, reloading.
2023-09-05 20:12:20,788:INFO:/home/jazzbox35/GitHub/AME_Client_Project/ame_client_project/ame_client_app/views.py changed, reloading.
2023-09-05 20:12:44,599:INFO:L0 proposition>{'case': 21, 'proposition': 'This recipe has these ingredients.', 'appearance': 'soy sauce white rice pork', 'essence': '', 'level': 0}
2023-09-05 20:13:03,367:INFO:L1 S2 proposition>{'case': 21, 'proposition': 'This recipe is Chinese', 'desired': 'Chinese', 'appearance': '', 'essence': '', 'level': 1}
2023-09-05 20:13:23,481:INFO:realistic call>{'case': 21}
2023-09-05 20:14:29,842:INFO:L0 proposition>{'case': 23, 'proposition': 'This recipe has these ingredients.', 'appearance': 'This recipe is...', 'essence': '', 'level': 0}
2023-09-05 20:14:32,682:INFO:retract that>{'case': 23}
2023-09-05 20:14:54,099:INFO:L0 proposition>{'case': 24, 'proposition': 'This recipe has these ingredients.', 'appearance': 'soy sauce white rice pork', 'essence': '', 'level': 0}
2023-09-05 20:15:15,331:INFO:L1 S2 proposition>{'case': 24, 'proposition': 'This recipe is...', 'desired': 'Chinese', 'appearance': '', 'essence': '', 'level': 1}
2023-09-05 20:15:17,331:INFO:realistic call>{'case': 24}
2023-09-05 20:15:50,876:INFO:L0 proposition>{'case': 26, 'proposition': 'This recipe has these ingredients.', 'appearance': 'soy sauce white rice pork', 'essence': '', 'level': 0}
2023-09-05 20:16:19,213:INFO:L1 S2 proposition>{'case': 26, 'proposition': 'This recipe is Chinese', 'desired': 'Italian', 'appearance': '', 'essence': '', 'level': 1}
2023-09-05 20:16:32,495:INFO:realistic call>{'case': 26}
2023-09-05 20:17:06,823:INFO:L0 proposition>{'case': 27, 'proposition': 'This recipe has these ingredients.', 'appearance': 'soy sauce white rice pork', 'essence': '', 'level': 0}
2023-09-05 20:17:16,903:INFO:L1 S2 proposition>{'case': 27, 'proposition': 'This recipe is chinese', 'desired': 'good', 'appearance': '', 'essence': '', 'level': 1}
2023-09-05 20:17:19,214:INFO:realistic call>{'case': 27}
2023-09-05 20:31:22,178:INFO:realistic call>{'case': 27}
2023-09-05 20:31:26,935:INFO:realistic call>{'case': 27}
2023-09-05 20:31:48,498:INFO:L0 proposition>{'case': 28, 'proposition': 'This recipe has these ingredients.', 'appearance': 'soy sauce white rice pork', 'essence': '', 'level': 0}
2023-09-05 20:31:57,882:INFO:L1 S2 proposition>{'case': 28, 'proposition': 'This recipe is good', 'desired': 'good', 'appearance': '', 'essence': '', 'level': 1}
2023-09-05 20:31:59,699:INFO:realistic call>{'case': 28}
2023-09-05 20:33:00,901:INFO:L0 proposition>{'case': 29, 'proposition': 'This recipe has these ingredients.', 'appearance': 'soy sauce white rice pork', 'essence': '', 'level': 0}
2023-09-05 20:33:14,877:INFO:L1 S2 proposition>{'case': 29, 'proposition': 'This recipe is chinese', 'desired': '', 'appearance': '', 'essence': '', 'level': 1}
2023-09-05 20:33:20,981:INFO:realistic call>{'case': 29}
2023-09-05 20:34:06,982:INFO:L0 proposition>{'case': 30, 'proposition': 'This recipe has these ingredients.', 'appearance': 'soy sauce white rice pork', 'essence': '', 'level': 0}
2023-09-05 20:34:29,159:INFO:L1 S2 proposition>{'case': 30, 'proposition': '?', 'desired': 'chinese', 'appearance': '', 'essence': '', 'level': 1}
2023-09-05 20:34:31,063:INFO:realistic call>{'case': 30}
2023-09-05 20:38:26,135:INFO:L0 proposition>{'case': 31, 'proposition': 'This recipe has these ingredients.', 'appearance': 'soy sauce white rice pork', 'essence': '', 'level': 0}
2023-09-05 20:38:50,007:INFO:L1 S2 proposition>{'case': 31, 'proposition': 'This recipe is very Chinese', 'desired': 'very chinese', 'appearance': '', 'essence': '', 'level': 1}
2023-09-05 20:38:51,807:INFO:realistic call>{'case': 31}
2023-09-05 20:45:21,020:INFO:L0 proposition>{'case': 33, 'proposition': 'This recipe has these ingredients.', 'appearance': 'soy sauce white rice pork', 'essence': '', 'level': 0}
2023-09-05 20:45:36,204:INFO:L1 S1 proposition>{'case': 33, 'proposition': 'This recipe is Chinese', 'appearance': '', 'essence': '', 'level': 1}
2023-09-05 20:45:38,203:INFO:train case>{'case': 33}
2023-09-05 20:46:22,430:INFO:L0 proposition>{'case': 34, 'proposition': 'This recipe has these ingredients.', 'appearance': 'burrito tabasco jalapeno olive onion', 'essence': '', 'level': 0}
2023-09-05 20:46:33,246:INFO:L1 S2 proposition>{'case': 34, 'proposition': '?', 'desired': '', 'appearance': '', 'essence': '', 'level': 1}
2023-09-05 20:46:34,902:INFO:realistic call>{'case': 34}
2023-09-05 20:47:21,560:INFO:L0 proposition>{'case': 35, 'proposition': 'This recipe has these ingredients.', 'appearance': 'Enter terms...', 'essence': '', 'level': 0}
2023-09-05 20:47:50,169:INFO:L0 proposition>{'case': 36, 'proposition': 'This recipe has these ingredients.', 'appearance': 'pesto onion olive fettucini', 'essence': '', 'level': 0}
2023-09-05 20:48:07,817:INFO:L1 S2 proposition>{'case': 36, 'proposition': 'This is Italian', 'desired': '', 'appearance': '', 'essence': '', 'level': 1}
2023-09-05 20:48:09,417:INFO:realistic call>{'case': 36}
2023-09-05 20:49:34,244:INFO:L0 proposition>{'case': 37, 'proposition': 'This recipe has these ingredients.', 'appearance': 'pesto onion olive fettucini', 'essence': '', 'level': 0}
2023-09-05 20:49:45,419:INFO:L1 S2 proposition>{'case': 37, 'proposition': 'This is Chinese', 'desired': '', 'appearance': '', 'essence': '', 'level': 1}
2023-09-05 20:49:46,972:INFO:realistic call>{'case': 37}
2023-09-05 20:50:33,125:INFO:L0 proposition>{'case': 38, 'proposition': 'This recipe has these ingredients.', 'appearance': 'pesto onion olive fettucini', 'essence': '', 'level': 0}
2023-09-05 20:50:41,910:INFO:L1 S2 proposition>{'case': 38, 'proposition': 'this is...', 'desired': '', 'appearance': '', 'essence': '', 'level': 1}
2023-09-05 20:50:43,966:INFO:realistic call>{'case': 38}
2023-09-05 20:59:39,527:INFO:realistic call>{'case': 38}
2023-09-05 21:00:08,623:INFO:L0 proposition>{'case': 39, 'proposition': 'This recipe has these ingredients.', 'appearance': 'pesto onion olive fettucini', 'essence': '', 'level': 0}
2023-09-05 21:00:17,680:INFO:L1 S2 proposition>{'case': 39, 'proposition': '?', 'desired': '', 'appearance': '', 'essence': '', 'level': 1}
2023-09-05 21:00:19,696:INFO:realistic call>{'case': 39}
2023-09-05 21:00:39,744:INFO:L0 proposition>{'case': 40, 'proposition': 'This recipe has these ingredients.', 'appearance': 'pesto onion olive fettucini', 'essence': '', 'level': 0}
2023-09-05 21:00:55,841:INFO:L1 S2 proposition>{'case': 40, 'proposition': 'This cuisine is Italian', 'desired': '', 'appearance': '', 'essence': '', 'level': 1}
2023-09-05 21:00:59,249:INFO:realistic call>{'case': 40}
2023-09-05 21:01:11,849:INFO:L0 proposition>{'case': 41, 'proposition': 'This recipe has these ingredients.', 'appearance': 'pesto onion olive fettucini', 'essence': '', 'level': 0}
2023-09-05 21:01:21,698:INFO:L1 S2 proposition>{'case': 41, 'proposition': 'This recipe is...', 'desired': '', 'appearance': '', 'essence': '', 'level': 1}
2023-09-05 21:01:24,002:INFO:realistic call>{'case': 41}
2023-09-05 21:01:31,674:INFO:L0 proposition>{'case': 42, 'proposition': 'This recipe has these ingredients.', 'appearance': 'pesto onion olive fettucini', 'essence': '', 'level': 0}
2023-09-05 21:01:41,242:INFO:L1 S2 proposition>{'case': 42, 'proposition': 'This recipe is...', 'desired': 'Italian', 'appearance': '', 'essence': '', 'level': 1}
2023-09-05 21:01:43,155:INFO:realistic call>{'case': 42}
2023-09-05 21:01:49,490:INFO:L0 proposition>{'case': 43, 'proposition': 'This recipe has these ingredients.', 'appearance': 'Enter terms...', 'essence': '', 'level': 0}
2023-09-05 21:02:04,299:INFO:L1 S2 proposition>{'case': 43, 'proposition': '?', 'desired': 'Chinese', 'appearance': '', 'essence': '', 'level': 1}
2023-09-05 21:02:06,003:INFO:realistic call>{'case': 43}
2023-09-05 21:02:16,747:INFO:L0 proposition>{'case': 44, 'proposition': 'This recipe has these ingredients.', 'appearance': 'pesto onion olive fettucini', 'essence': '', 'level': 0}
2023-09-05 21:02:23,140:INFO:L1 S1 proposition>{'case': 44, 'proposition': 'This recipe is...', 'appearance': '', 'essence': '', 'level': 1}
2023-09-05 21:02:31,653:INFO:retract that>{'case': 44}
2023-09-05 21:02:36,940:INFO:L1 S2 proposition>{'case': 44, 'proposition': 'This recipe is...', 'desired': 'Chinese', 'appearance': '', 'essence': '', 'level': 1}
2023-09-05 21:02:40,084:INFO:realistic call>{'case': 44}
2023-09-05 21:02:51,453:INFO:L0 proposition>{'case': 45, 'proposition': 'This recipe has these ingredients.', 'appearance': 'pesto onion olive fettucini', 'essence': '', 'level': 0}
2023-09-05 21:03:04,709:INFO:L1 S2 proposition>{'case': 45, 'proposition': '?', 'desired': 'Chinese', 'appearance': '', 'essence': '', 'level': 1}
2023-09-05 21:03:06,221:INFO:realistic call>{'case': 45}
2023-09-05 21:03:31,501:INFO:L0 proposition>{'case': 46, 'proposition': 'This recipe has these ingredients.', 'appearance': 'pesto onion olive fettucini', 'essence': '', 'level': 0}
2023-09-05 21:03:50,998:INFO:L1 S2 proposition>{'case': 46, 'proposition': 'This recipe is Italian', 'desired': ' spaghetti', 'appearance': '', 'essence': '', 'level': 1}
2023-09-05 21:03:52,806:INFO:realistic call>{'case': 46}
2023-09-05 21:09:50,882:INFO:realistic call>{'case': 46}
2023-09-05 21:10:01,994:INFO:realistic call>{'case': 46}
2023-09-05 21:16:42,848:INFO:realistic call>{'case': 46}
2023-09-05 21:16:43,081:ERROR:Internal Server Error: /ame_client_app/CreateL3
Traceback (most recent call last):
  File "/home/jazzbox35/.local/lib/python3.8/site-packages/requests/models.py", line 971, in json
    return complexjson.loads(self.text, **kwargs)
  File "/usr/lib64/python3.8/json/__init__.py", line 357, in loads
    return _default_decoder.decode(s)
  File "/usr/lib64/python3.8/json/decoder.py", line 337, in decode
    obj, end = self.raw_decode(s, idx=_w(s, 0).end())
  File "/usr/lib64/python3.8/json/decoder.py", line 355, in raw_decode
    raise JSONDecodeError("Expecting value", s, err.value) from None
json.decoder.JSONDecodeError: Expecting value: line 1 column 1 (char 0)

During handling of the above exception, another exception occurred:

Traceback (most recent call last):
  File "/usr/local/lib/python3.8/site-packages/django/core/handlers/exception.py", line 55, in inner
    response = get_response(request)
  File "/usr/local/lib/python3.8/site-packages/django/core/handlers/base.py", line 197, in _get_response
    response = wrapped_callback(request, *callback_args, **callback_kwargs)
  File "/home/jazzbox35/GitHub/AME_Client_Project/ame_client_project/ame_client_app/views.py", line 130, in CreateL3
    data = response.json()
  File "/home/jazzbox35/.local/lib/python3.8/site-packages/requests/models.py", line 975, in json
    raise RequestsJSONDecodeError(e.msg, e.doc, e.pos)
requests.exceptions.JSONDecodeError: Expecting value: line 1 column 1 (char 0)
2023-09-05 21:19:54,926:ERROR:Internal Server Error: /ame_client_app/
Traceback (most recent call last):
  File "/home/jazzbox35/.local/lib/python3.8/site-packages/requests/models.py", line 971, in json
    return complexjson.loads(self.text, **kwargs)
  File "/usr/lib64/python3.8/json/__init__.py", line 357, in loads
    return _default_decoder.decode(s)
  File "/usr/lib64/python3.8/json/decoder.py", line 337, in decode
    obj, end = self.raw_decode(s, idx=_w(s, 0).end())
  File "/usr/lib64/python3.8/json/decoder.py", line 355, in raw_decode
    raise JSONDecodeError("Expecting value", s, err.value) from None
json.decoder.JSONDecodeError: Expecting value: line 1 column 1 (char 0)

During handling of the above exception, another exception occurred:

Traceback (most recent call last):
  File "/usr/local/lib/python3.8/site-packages/django/core/handlers/exception.py", line 55, in inner
    response = get_response(request)
  File "/usr/local/lib/python3.8/site-packages/django/core/handlers/base.py", line 197, in _get_response
    response = wrapped_callback(request, *callback_args, **callback_kwargs)
  File "/home/jazzbox35/GitHub/AME_Client_Project/ame_client_project/ame_client_app/views.py", line 29, in index
    data = response.json()
  File "/home/jazzbox35/.local/lib/python3.8/site-packages/requests/models.py", line 975, in json
    raise RequestsJSONDecodeError(e.msg, e.doc, e.pos)
requests.exceptions.JSONDecodeError: Expecting value: line 1 column 1 (char 0)
2023-09-05 21:20:31,723:ERROR:Internal Server Error: /ame_client_app/
Traceback (most recent call last):
  File "/home/jazzbox35/.local/lib/python3.8/site-packages/requests/models.py", line 971, in json
    return complexjson.loads(self.text, **kwargs)
  File "/usr/lib64/python3.8/json/__init__.py", line 357, in loads
    return _default_decoder.decode(s)
  File "/usr/lib64/python3.8/json/decoder.py", line 337, in decode
    obj, end = self.raw_decode(s, idx=_w(s, 0).end())
  File "/usr/lib64/python3.8/json/decoder.py", line 355, in raw_decode
    raise JSONDecodeError("Expecting value", s, err.value) from None
json.decoder.JSONDecodeError: Expecting value: line 1 column 1 (char 0)

During handling of the above exception, another exception occurred:

Traceback (most recent call last):
  File "/usr/local/lib/python3.8/site-packages/django/core/handlers/exception.py", line 55, in inner
    response = get_response(request)
  File "/usr/local/lib/python3.8/site-packages/django/core/handlers/base.py", line 197, in _get_response
    response = wrapped_callback(request, *callback_args, **callback_kwargs)
  File "/home/jazzbox35/GitHub/AME_Client_Project/ame_client_project/ame_client_app/views.py", line 29, in index
    data = response.json()
  File "/home/jazzbox35/.local/lib/python3.8/site-packages/requests/models.py", line 975, in json
    raise RequestsJSONDecodeError(e.msg, e.doc, e.pos)
requests.exceptions.JSONDecodeError: Expecting value: line 1 column 1 (char 0)
2023-09-05 21:20:32,854:ERROR:Internal Server Error: /ame_client_app/
Traceback (most recent call last):
  File "/home/jazzbox35/.local/lib/python3.8/site-packages/requests/models.py", line 971, in json
    return complexjson.loads(self.text, **kwargs)
  File "/usr/lib64/python3.8/json/__init__.py", line 357, in loads
    return _default_decoder.decode(s)
  File "/usr/lib64/python3.8/json/decoder.py", line 337, in decode
    obj, end = self.raw_decode(s, idx=_w(s, 0).end())
  File "/usr/lib64/python3.8/json/decoder.py", line 355, in raw_decode
    raise JSONDecodeError("Expecting value", s, err.value) from None
json.decoder.JSONDecodeError: Expecting value: line 1 column 1 (char 0)

During handling of the above exception, another exception occurred:

Traceback (most recent call last):
  File "/usr/local/lib/python3.8/site-packages/django/core/handlers/exception.py", line 55, in inner
    response = get_response(request)
  File "/usr/local/lib/python3.8/site-packages/django/core/handlers/base.py", line 197, in _get_response
    response = wrapped_callback(request, *callback_args, **callback_kwargs)
  File "/home/jazzbox35/GitHub/AME_Client_Project/ame_client_project/ame_client_app/views.py", line 29, in index
    data = response.json()
  File "/home/jazzbox35/.local/lib/python3.8/site-packages/requests/models.py", line 975, in json
    raise RequestsJSONDecodeError(e.msg, e.doc, e.pos)
requests.exceptions.JSONDecodeError: Expecting value: line 1 column 1 (char 0)
2023-09-05 21:23:32,308:INFO:L0 proposition>{'case': 47, 'proposition': 'This recipe has these ingredients.', 'appearance': 'pesto onion olive fettucini', 'essence': '', 'level': 0}
2023-09-05 21:23:43,508:INFO:L1 S1 proposition>{'case': 47, 'proposition': 'This recipe is Italian', 'appearance': '', 'essence': '', 'level': 1}
2023-09-05 21:23:50,549:INFO:L1 S2 proposition>{'case': 47, 'proposition': 'This recipe is Italian', 'desired': ' spaghetti', 'appearance': '', 'essence': '', 'level': 1}
2023-09-05 21:23:59,581:INFO:L0 proposition>{'case': 48, 'proposition': 'This recipe has these ingredients.', 'appearance': 'pesto onion olive fettucini', 'essence': '', 'level': 0}
2023-09-05 21:24:04,380:INFO:L1 S2 proposition>{'case': 48, 'proposition': 'This recipe is...', 'desired': ' spaghetti', 'appearance': '', 'essence': '', 'level': 1}
2023-09-05 21:24:06,028:INFO:realistic call>{'case': 48}
2023-09-05 21:26:31,714:INFO:L0 proposition>{'case': 49, 'proposition': 'This recipe has these ingredients.', 'appearance': 'pesto onion olive fettucini', 'essence': '', 'level': 0}
2023-09-05 21:26:40,322:INFO:L1 S2 proposition>{'case': 49, 'proposition': 'This recipe is...', 'desired': ' spaghetti', 'appearance': '', 'essence': '', 'level': 1}
2023-09-05 21:26:41,778:INFO:realistic call>{'case': 49}
2023-09-05 21:27:52,093:INFO:L0 proposition>{'case': 50, 'proposition': 'This recipe has these ingredients.', 'appearance': 'pesto onion olive fettucini', 'essence': '', 'level': 0}
2023-09-05 21:28:05,629:INFO:L1 S2 proposition>{'case': 50, 'proposition': '?', 'desired': ' spaghetti', 'appearance': '', 'essence': '', 'level': 1}
2023-09-05 21:28:12,197:INFO:realistic call>{'case': 50}
2023-09-05 21:29:07,591:INFO:L0 proposition>{'case': 51, 'proposition': 'This recipe has these ingredients.', 'appearance': 'pesto onion olive fettucini', 'essence': '', 'level': 0}
2023-09-05 21:29:16,095:INFO:L1 S2 proposition>{'case': 51, 'proposition': '? ', 'desired': '        ', 'appearance': '', 'essence': '', 'level': 1}
2023-09-05 21:29:17,687:INFO:realistic call>{'case': 51}
2023-09-05 21:30:49,602:INFO:L0 proposition>{'case': 52, 'proposition': 'This recipe has these ingredients.', 'appearance': 'pesto onion olive fettucini', 'essence': '', 'level': 0}
2023-09-05 21:30:59,170:INFO:L1 S2 proposition>{'case': 52, 'proposition': '?', 'desired': '        ', 'appearance': '', 'essence': '', 'level': 1}
2023-09-05 21:31:01,938:INFO:realistic call>{'case': 52}
2023-09-05 21:31:26,779:INFO:L0 proposition>{'case': 53, 'proposition': 'This recipe has these ingredients.', 'appearance': 'pesto onion olive fettucinirms...', 'essence': '', 'level': 0}
2023-09-05 21:31:35,171:INFO:L1 S2 proposition>{'case': 53, 'proposition': 'This recipe is...', 'desired': 'good', 'appearance': '', 'essence': '', 'level': 1}
2023-09-05 21:31:37,299:INFO:realistic call>{'case': 53}
2023-09-05 21:33:13,319:INFO:L0 proposition>{'case': 54, 'proposition': 'This recipe has these ingredients.', 'appearance': 'pesto onion olive fettucinirms...', 'essence': '', 'level': 0}
2023-09-05 21:33:18,566:INFO:L1 S2 proposition>{'case': 54, 'proposition': 'This recipe is...', 'desired': '', 'appearance': '', 'essence': '', 'level': 1}
2023-09-05 21:33:20,327:INFO:realistic call>{'case': 54}
2023-09-05 21:36:22,364:INFO:L0 proposition>{'case': 55, 'proposition': 'This recipe has these ingredients.', 'appearance': 'pesto onion olive fettucinirms...', 'essence': '', 'level': 0}
2023-09-05 21:36:25,900:INFO:L1 S2 proposition>{'case': 55, 'proposition': 'This recipe is...', 'desired': '', 'appearance': '', 'essence': '', 'level': 1}
2023-09-05 21:36:27,484:INFO:realistic call>{'case': 55}
2023-09-05 21:40:28,948:INFO:L0 proposition>{'case': 56, 'proposition': 'This recipe has these ingredients.', 'appearance': 'pesto onion olive fettucinirms...', 'essence': '', 'level': 0}
2023-09-05 21:40:31,900:INFO:L1 S2 proposition>{'case': 56, 'proposition': 'This recipe is...', 'desired': '', 'appearance': '', 'essence': '', 'level': 1}
2023-09-05 21:40:33,907:INFO:realistic call>{'case': 56}
2023-09-05 21:42:49,265:INFO:realistic call>{'case': 56}
2023-09-05 21:48:23,900:INFO:realistic call>{'case': 56}
2023-09-05 21:50:18,591:INFO:L0 proposition>{'case': 57, 'proposition': 'This recipe has these ingredients.', 'appearance': 'pesto onion olive fettucinirms...', 'essence': '', 'level': 0}
2023-09-05 21:50:32,872:INFO:L1 S2 proposition>{'case': 57, 'proposition': 'This recipe is...', 'desired': 'Italian ', 'appearance': '', 'essence': '', 'level': 1}
2023-09-05 21:50:34,895:INFO:realistic call>{'case': 57}
2023-09-05 21:50:57,424:INFO:L0 proposition>{'case': 58, 'proposition': 'This recipe has these ingredients.', 'appearance': 'soy sauce white rice pork', 'essence': '', 'level': 0}
2023-09-05 21:51:06,257:INFO:L1 S2 proposition>{'case': 58, 'proposition': 'This recipe is Chinese', 'desired': '', 'appearance': '', 'essence': '', 'level': 1}
2023-09-05 21:51:07,904:INFO:realistic call>{'case': 58}
2023-09-05 21:51:27,497:INFO:L0 proposition>{'case': 59, 'proposition': 'This recipe has these ingredients.', 'appearance': 'tortilla tabasco sauce rice beans', 'essence': '', 'level': 0}
2023-09-05 21:51:36,833:INFO:L1 S2 proposition>{'case': 59, 'proposition': 'This recipe is...', 'desired': 'Mexican', 'appearance': '', 'essence': '', 'level': 1}
2023-09-05 21:51:38,457:INFO:realistic call>{'case': 59}
2023-09-05 21:51:55,465:INFO:L0 proposition>{'case': 60, 'proposition': 'This recipe has these ingredients.', 'appearance': 'Enter terms...', 'essence': '', 'level': 0}
2023-09-05 21:52:19,314:INFO:L1 S1 proposition>{'case': 60, 'proposition': 'This recipe is...', 'appearance': '', 'essence': '', 'level': 1}
2023-09-05 21:52:28,314:INFO:L1 S2 proposition>{'case': 60, 'proposition': 'This recipe is...', 'desired': '', 'appearance': '', 'essence': '', 'level': 1}
2023-09-05 21:52:29,899:INFO:realistic call>{'case': 60}
2023-09-05 21:54:10,919:INFO:L0 proposition>{'case': 61, 'proposition': 'This recipe has these ingredients.', 'appearance': 'tortilla tabasco sauce rice beans guacamole', 'essence': '', 'level': 0}
2023-09-05 21:54:16,359:INFO:L1 S2 proposition>{'case': 61, 'proposition': 'This recipe is...', 'desired': '', 'appearance': '', 'essence': '', 'level': 1}
2023-09-05 21:54:18,117:INFO:realistic call>{'case': 61}
2023-09-05 21:54:57,816:INFO:L0 proposition>{'case': 63, 'proposition': 'This recipe has these ingredients.', 'appearance': 'white rice pork soy sauce', 'essence': '', 'level': 0}
2023-09-05 21:55:11,768:INFO:L1 S2 proposition>{'case': 63, 'proposition': '?', 'desired': '', 'appearance': '', 'essence': '', 'level': 1}
2023-09-05 21:55:13,056:INFO:realistic call>{'case': 63}
2023-09-05 21:56:16,418:INFO:L0 proposition>{'case': 64, 'proposition': 'This recipe has these ingredients.', 'appearance': 'white rice soy sauce pork chicken', 'essence': '', 'level': 0}
2023-09-05 21:56:26,058:INFO:L1 S2 proposition>{'case': 64, 'proposition': '?', 'desired': '', 'appearance': '', 'essence': '', 'level': 1}
2023-09-05 21:56:27,579:INFO:realistic call>{'case': 64}
2023-09-05 21:56:45,402:INFO:L0 proposition>{'case': 65, 'proposition': 'This recipe has these ingredients.', 'appearance': 'white rice soy sauce pork chicken', 'essence': '', 'level': 0}
2023-09-05 21:56:59,212:INFO:L1 S2 proposition>{'case': 65, 'proposition': '?', 'desired': 'Chinese', 'appearance': '', 'essence': '', 'level': 1}
2023-09-05 21:57:03,811:INFO:realistic call>{'case': 65}
2023-09-05 21:57:26,989:INFO:L0 proposition>{'case': 66, 'proposition': 'This recipe has these ingredients.', 'appearance': 'white rice soy sauce pork chicken', 'essence': '', 'level': 0}
2023-09-05 21:57:35,948:INFO:L1 S2 proposition>{'case': 66, 'proposition': 'This recipe is Chinese', 'desired': '', 'appearance': '', 'essence': '', 'level': 1}
2023-09-05 21:57:36,956:INFO:realistic call>{'case': 66}
2023-09-05 21:57:50,109:INFO:L0 proposition>{'case': 67, 'proposition': 'This recipe has these ingredients.', 'appearance': 'white rice soy sauce pork chicken', 'essence': '', 'level': 0}
2023-09-05 21:57:58,613:INFO:L1 S2 proposition>{'case': 67, 'proposition': 'This recipe is...', 'desired': 'Chinese', 'appearance': '', 'essence': '', 'level': 1}
2023-09-05 21:58:00,230:INFO:realistic call>{'case': 67}
2023-09-05 21:58:09,085:INFO:L0 proposition>{'case': 68, 'proposition': 'This recipe has these ingredients.', 'appearance': 'white rice soy sauce pork chicken', 'essence': '', 'level': 0}
2023-09-05 21:58:19,118:INFO:L1 S2 proposition>{'case': 68, 'proposition': 'Cuisine is...', 'desired': '', 'appearance': '', 'essence': '', 'level': 1}
2023-09-05 21:58:20,470:INFO:realistic call>{'case': 68}
2023-09-05 21:59:08,776:INFO:L0 proposition>{'case': 69, 'proposition': 'This recipe has these ingredients.', 'appearance': 'white rice soy sauce pork chicken', 'essence': '', 'level': 0}
2023-09-05 21:59:20,272:INFO:L1 S2 proposition>{'case': 69, 'proposition': 'This recipe is Chinese cuisine', 'desired': '', 'appearance': '', 'essence': '', 'level': 1}
2023-09-05 21:59:22,095:INFO:realistic call>{'case': 69}
2023-09-05 22:00:26,042:INFO:realistic call>{'case': 69}
2023-09-05 22:00:33,130:INFO:realistic call>{'case': 69}
2023-09-05 22:01:30,476:INFO:realistic call>{'case': 69}
2023-09-05 22:01:44,292:INFO:realistic call>{'case': 69}
2023-09-05 22:05:20,739:INFO:L0 proposition>{'case': 70, 'proposition': 'This recipe has these ingredients.', 'appearance': 'white rice soy sauce pork chicken', 'essence': '', 'level': 0}
2023-09-05 22:05:36,787:INFO:L1 S1 proposition>{'case': 70, 'proposition': 'This recipe is Chinese Cuisine', 'appearance': '', 'essence': '', 'level': 1}
2023-09-05 22:05:44,204:INFO:L0 proposition>{'case': 71, 'proposition': 'This recipe has these ingredients.', 'appearance': 'white rice soy sauce pork chicken', 'essence': '', 'level': 0}
2023-09-05 22:05:59,140:INFO:L1 S2 proposition>{'case': 71, 'proposition': 'This recipe is Chinese cuisine', 'desired': 'Cuisine', 'appearance': '', 'essence': '', 'level': 1}
2023-09-05 22:06:00,485:INFO:realistic call>{'case': 71}
2023-09-05 22:07:00,895:INFO:L0 proposition>{'case': 72, 'proposition': 'This recipe has these ingredients.', 'appearance': '', 'essence': '', 'level': 0}
2023-09-05 22:07:11,742:INFO:L0 proposition>{'case': 73, 'proposition': 'This recipe has these ingredients.', 'appearance': 'white rice soy sauce pork chicken', 'essence': '', 'level': 0}
2023-09-05 22:07:20,295:INFO:L1 S2 proposition>{'case': 73, 'proposition': 'This recipe is Mexican', 'desired': '', 'appearance': '', 'essence': '', 'level': 1}
2023-09-05 22:07:22,446:INFO:realistic call>{'case': 73}
2023-09-05 22:07:31,415:INFO:L0 proposition>{'case': 74, 'proposition': 'This recipe has these ingredients.', 'appearance': 'white rice soy sauce pork chicken', 'essence': '', 'level': 0}
2023-09-05 22:07:46,295:INFO:L1 S2 proposition>{'case': 74, 'proposition': '?', 'desired': 'Mexican', 'appearance': '', 'essence': '', 'level': 1}
2023-09-05 22:07:47,672:INFO:realistic call>{'case': 74}
2023-09-05 22:07:54,368:INFO:L0 proposition>{'case': 75, 'proposition': 'This recipe has these ingredients.', 'appearance': 'white rice soy sauce pork chicken', 'essence': '', 'level': 0}
2023-09-05 22:08:06,856:INFO:L1 S2 proposition>{'case': 75, 'proposition': 'This recipe is Mexican', 'desired': 'Chinese', 'appearance': '', 'essence': '', 'level': 1}
2023-09-05 22:08:08,289:INFO:realistic call>{'case': 75}
2023-09-05 22:08:15,384:INFO:L0 proposition>{'case': 76, 'proposition': 'This recipe has these ingredients.', 'appearance': 'white rice soy sauce pork chicken', 'essence': '', 'level': 0}
2023-09-05 22:08:17,897:INFO:L1 S2 proposition>{'case': 76, 'proposition': 'This recipe is...', 'desired': '', 'appearance': '', 'essence': '', 'level': 1}
2023-09-05 22:08:19,376:INFO:realistic call>{'case': 76}
2023-09-05 22:08:37,649:INFO:L0 proposition>{'case': 77, 'proposition': 'This recipe has these ingredients.', 'appearance': 'white rice soy sauce pork chicken', 'essence': '', 'level': 0}
2023-09-05 22:08:46,698:INFO:L1 S2 proposition>{'case': 77, 'proposition': 'This recipe is mostly Chinese', 'desired': '', 'appearance': '', 'essence': '', 'level': 1}
2023-09-05 22:08:48,290:INFO:realistic call>{'case': 77}
2023-09-05 22:09:40,387:INFO:L0 proposition>{'case': 78, 'proposition': 'This recipe has these ingredients.', 'appearance': 'white rice soy sauce pork chicken', 'essence': '', 'level': 0}
2023-09-05 22:09:52,324:INFO:L1 S2 proposition>{'case': 78, 'proposition': 'This recipe is mostly Chinese', 'desired': 'mostly', 'appearance': '', 'essence': '', 'level': 1}
2023-09-05 22:09:54,268:INFO:realistic call>{'case': 78}
2023-09-05 22:38:14,258:INFO:L0 proposition>{'case': 79, 'proposition': 'This recipe has these ingredients.', 'appearance': 'salt water pork beans rice', 'essence': '', 'level': 0}
2023-09-05 22:38:18,330:INFO:L1 S2 proposition>{'case': 79, 'proposition': 'Cuisine type is...', 'desired': '', 'appearance': '', 'essence': '', 'level': 1}
2023-09-05 22:38:19,634:INFO:realistic call>{'case': 79}
2023-09-05 22:38:50,579:INFO:L0 proposition>{'case': 80, 'proposition': 'This recipe has these ingredients.', 'appearance': 'tortilla jalapeno beans rice salsa', 'essence': '', 'level': 0}
2023-09-05 22:38:53,218:INFO:L1 S2 proposition>{'case': 80, 'proposition': 'Cuisine type is...', 'desired': '', 'appearance': '', 'essence': '', 'level': 1}
2023-09-05 22:38:54,491:INFO:realistic call>{'case': 80}
2023-09-05 22:43:16,558:INFO:L0 proposition>{'case': 81, 'proposition': 'This recipe has these ingredients.', 'appearance': 'tortilla jalapeno beans rice salsa', 'essence': '', 'level': 0}
2023-09-05 22:43:44,611:INFO:L1 S1 proposition>{'case': 81, 'proposition': 'This recipe is...', 'appearance': '', 'essence': '', 'level': 1}
2023-09-05 22:43:46,758:INFO:L1 S2 proposition>{'case': 81, 'proposition': 'This recipe is...', 'desired': 'OK', 'appearance': '', 'essence': '', 'level': 1}
2023-09-05 22:43:48,490:INFO:realistic call>{'case': 81}
2023-09-05 22:48:52,710:INFO:L0 proposition>{'case': 82, 'proposition': 'This recipe has these ingredients.', 'appearance': 'Enter terms...', 'essence': '', 'level': 0}
2023-09-05 22:56:52,741:INFO:L0 proposition>{'case': 85, 'proposition': 'This recipe has these ingredients.', 'appearance': 'Enter terms...', 'essence': '', 'level': 0}
2023-09-05 22:57:13,397:INFO:L1 S1 proposition>{'case': 85, 'proposition': 'This recipe is...', 'appearance': '', 'essence': '', 'level': 1}
2023-09-05 22:57:15,127:INFO:L1 S2 proposition>{'case': 85, 'proposition': 'This recipe is...', 'desired': '', 'appearance': '', 'essence': '', 'level': 1}
2023-09-05 23:11:46,569:INFO:L0 proposition>{'case': 92, 'proposition': 'This recipe has these ingredients.', 'appearance': 'cream alcohol', 'essence': '', 'level': 0}
2023-09-05 23:11:57,680:INFO:L1 S1 proposition>{'case': 92, 'proposition': 'This recipe is...', 'appearance': '', 'essence': '', 'level': 1}
2023-09-05 23:12:04,826:INFO:train case>{'case': 92}
2023-09-05 23:12:44,947:INFO:L1 S2 proposition>{'case': 92, 'proposition': 'This recipe is...', 'desired': '', 'appearance': '', 'essence': '', 'level': 1}
2023-09-05 23:12:48,178:INFO:realistic call>{'case': 92}
2023-09-05 23:12:51,778:INFO:retract that>{'case': 92}
2023-09-05 23:27:36,211:INFO:L0 proposition>{'case': 100, 'proposition': 'This recipe has these ingredients.', 'appearance': 'Enter terms...', 'essence': '', 'level': 0}
2023-09-05 23:29:46,653:WARNING:Not Found: /ame_client_app/OK
2023-09-05 23:29:46,676:WARNING:Not Found: /favicon.ico
2023-09-05 23:31:43,757:INFO:L0 proposition>{'case': 108, 'proposition': 'This recipe has these ingredients.', 'appearance': 'abcde', 'essence': '', 'level': 0}
2023-09-05 23:33:49,401:INFO:L0 proposition>{'case': 109, 'proposition': 'This recipe has these ingredients.', 'appearance': 'tomato basel bread paprika', 'essence': '', 'level': 0}
2023-09-05 23:33:54,936:INFO:L1 S2 proposition>{'case': 109, 'proposition': 'This recipe is...', 'desired': '', 'appearance': '', 'essence': '', 'level': 1}
2023-09-05 23:33:56,529:INFO:realistic call>{'case': 109}
2023-09-05 23:35:26,116:INFO:retract that>{'case': 109}
2023-09-05 23:43:31,547:INFO:L0 proposition>{'case': 134, 'proposition': 'This recipe has these ingredients.', 'appearance': 'Enter ingredients here...', 'essence': '', 'level': 0}
2023-09-05 23:44:44,373:INFO:L0 proposition>{'case': 135, 'proposition': 'This recipe has these ingredients.', 'appearance': 'black olives', 'essence': '', 'level': 0}
2023-09-05 23:48:01,012:INFO:L0 proposition>{'case': 136, 'proposition': 'This recipe has these ingredients.', 'appearance': 'Enter ingredients here...', 'essence': '', 'level': 0}
2023-09-05 23:48:25,890:INFO:L0 proposition>{'case': 137, 'proposition': 'This recipe has these ingredients.', 'appearance': 'Enter ingredients here...', 'essence': '', 'level': 0}
2023-09-05 23:49:13,254:INFO:L0 proposition>{'case': 138, 'proposition': 'This recipe has these ingredients.', 'appearance': 'Enter ingredients here...', 'essence': '', 'level': 0}
2023-09-05 23:50:29,112:INFO:L1 S2 proposition>{'case': 138, 'proposition': '', 'desired': '', 'appearance': '', 'essence': '', 'level': 1}
2023-09-05 23:50:36,953:INFO:L1 S1 proposition>{'case': 138, 'proposition': 'This recipe is...', 'appearance': '', 'essence': '', 'level': 1}
2023-09-05 23:50:54,417:INFO:L0 proposition>{'case': 139, 'proposition': 'This recipe has these ingredients.', 'appearance': 'ham', 'essence': '', 'level': 0}
2023-09-05 23:51:09,754:INFO:L1 S2 proposition>{'case': 139, 'proposition': 'This recipe is...', 'desired': '', 'appearance': '', 'essence': '', 'level': 1}
2023-09-05 23:51:15,233:INFO:realistic call>{'case': 139}
2023-09-05 23:52:10,052:INFO:train case>{'case': 139}
2023-09-05 23:52:12,939:INFO:realistic call>{'case': 139}
2023-09-05 23:52:14,747:INFO:retract that>{'case': 139}
2023-09-05 23:52:16,684:INFO:train case>{'case': 139}
2023-09-05 23:53:53,303:INFO:L0 proposition>{'case': 141, 'proposition': 'This recipe has these ingredients.', 'appearance': 'Enter ingredients here...', 'essence': '', 'level': 0}
2023-09-05 23:54:03,927:INFO:L1 S2 proposition>{'case': 141, 'proposition': 'This recipe is...', 'desired': '', 'appearance': '', 'essence': '', 'level': 1}
2023-09-05 23:54:06,687:INFO:train case>{'case': 141}
2023-09-05 23:54:23,888:INFO:L0 proposition>{'case': 142, 'proposition': 'This recipe has these ingredients.', 'appearance': 'Enter ingredients here...', 'essence': '', 'level': 0}
2023-09-05 23:54:28,927:INFO:L1 S1 proposition>{'case': 142, 'proposition': 'This recipe is...', 'appearance': '', 'essence': '', 'level': 1}
2023-09-05 23:54:34,864:INFO:train case>{'case': 142}
2023-09-05 23:56:30,180:INFO:L0 proposition>{'case': 145, 'proposition': 'This recipe has these ingredients.', 'appearance': 'Enter ingredients here...', 'essence': '', 'level': 0}
2023-09-05 23:56:35,812:INFO:L1 S2 proposition>{'case': 145, 'proposition': '', 'desired': '', 'appearance': '', 'essence': '', 'level': 1}
2023-09-05 23:56:37,636:INFO:realistic call>{'case': 145}
2023-09-05 23:56:42,419:INFO:train case>{'case': 145}
2023-09-05 23:57:50,446:INFO:L0 proposition>{'case': 146, 'proposition': 'This recipe has these ingredients.', 'appearance': 'Enter ingredients here...', 'essence': '', 'level': 0}
2023-09-05 23:57:54,006:INFO:L1 S2 proposition>{'case': 146, 'proposition': '', 'desired': '', 'appearance': '', 'essence': '', 'level': 1}
2023-09-05 23:57:55,406:INFO:realistic call>{'case': 146}
2023-09-05 23:57:58,919:INFO:train case>{'case': 146}
2023-09-05 23:58:18,879:INFO:L0 proposition>{'case': 147, 'proposition': 'This recipe has these ingredients.', 'appearance': 'black olive', 'essence': '', 'level': 0}
2023-09-05 23:58:31,248:INFO:L1 S2 proposition>{'case': 147, 'proposition': 'This recipe is Italian', 'desired': '', 'appearance': '', 'essence': '', 'level': 1}
2023-09-05 23:58:33,976:INFO:realistic call>{'case': 147}
2023-09-05 23:58:53,600:INFO:train case>{'case': 147}
2023-09-06 00:02:42,959:INFO:L0 proposition>{'case': 148, 'proposition': 'This recipe has these ingredients.', 'appearance': 'Enter ingredients here...', 'essence': '', 'level': 0}
2023-09-06 00:09:14,356:INFO:L0 proposition>{'case': 150, 'proposition': 'This recipe has these ingredients.', 'appearance': 'Enter ingredients here...', 'essence': '', 'level': 0}
2023-09-06 00:11:19,912:INFO:L0 proposition>{'case': 151, 'proposition': 'This recipe has these ingredients.', 'appearance': 'Enter ingredients here...', 'essence': '', 'level': 0}
2023-09-06 00:11:27,176:INFO:retract that>{'case': 151}
2023-09-06 00:12:36,339:INFO:L0 proposition>{'case': 152, 'proposition': 'This recipe has these ingredients.', 'appearance': 'Enter ingredients here...', 'essence': '', 'level': 0}
2023-09-06 00:12:41,010:INFO:retract that>{'case': 152}
2023-09-06 00:18:22,133:INFO:L0 proposition>{'case': 153, 'proposition': 'This recipe has these ingredients.', 'appearance': 'Enter ingredients here...', 'essence': '', 'level': 0}
2023-09-06 00:18:32,013:INFO:L1 S1 proposition>{'case': 153, 'proposition': 'This recipe is...', 'appearance': '', 'essence': '', 'level': 1}
2023-09-06 00:18:33,789:INFO:retract that>{'case': 153}
2023-09-06 00:19:33,255:INFO:L0 proposition>{'case': 154, 'proposition': 'This recipe has these ingredients.', 'appearance': 'Enter ingredients here...', 'essence': '', 'level': 0}
2023-09-06 00:19:37,725:INFO:retract that>{'case': 154}
